<?xml version="1.0" encoding="UTF-8"?>
<testsuite xmlns:xsi="http://www.w3.org/2001/XMLSchema-instance" xsi:noNamespaceSchemaLocation="https://maven.apache.org/surefire/maven-surefire-plugin/xsd/surefire-test-report-3.0.xsd" version="3.0" name="com.udacity.catpoint.security.service.SecurityServiceTest" time="0.599" tests="21" errors="0" skipped="0" failures="0">
  <properties>
    <property name="java.specification.version" value="17"/>
    <property name="sun.jnu.encoding" value="UTF-8"/>
    <property name="java.class.path" value="/home/sreeram/Downloads/udasecurity/catpoint-parent/security/target/test-classes:/home/sreeram/.m2/repository/com/google/guava/failureaccess/1.0.1/failureaccess-1.0.1.jar:/home/sreeram/.m2/repository/com/google/guava/listenablefuture/9999.0-empty-to-avoid-conflict-with-guava/listenablefuture-9999.0-empty-to-avoid-conflict-with-guava.jar:/home/sreeram/.m2/repository/com/google/code/findbugs/jsr305/3.0.2/jsr305-3.0.2.jar:/home/sreeram/.m2/repository/org/checkerframework/checker-qual/3.8.0/checker-qual-3.8.0.jar:/home/sreeram/.m2/repository/com/google/errorprone/error_prone_annotations/2.5.1/error_prone_annotations-2.5.1.jar:/home/sreeram/.m2/repository/com/google/j2objc/j2objc-annotations/1.3/j2objc-annotations-1.3.jar:/home/sreeram/.m2/repository/software/amazon/awssdk/annotations/2.17.9/annotations-2.17.9.jar:/home/sreeram/.m2/repository/software/amazon/awssdk/utils/2.17.9/utils-2.17.9.jar:/home/sreeram/.m2/repository/org/reactivestreams/reactive-streams/1.0.3/reactive-streams-1.0.3.jar:/home/sreeram/.m2/repository/software/amazon/awssdk/profiles/2.17.9/profiles-2.17.9.jar:/home/sreeram/.m2/repository/software/amazon/awssdk/http-client-spi/2.17.9/http-client-spi-2.17.9.jar:/home/sreeram/.m2/repository/software/amazon/awssdk/json-utils/2.17.9/json-utils-2.17.9.jar:/home/sreeram/.m2/repository/software/amazon/awssdk/third-party-jackson-core/2.17.9/third-party-jackson-core-2.17.9.jar:/home/sreeram/.m2/repository/software/amazon/eventstream/eventstream/1.0.1/eventstream-1.0.1.jar:/home/sreeram/.m2/repository/software/amazon/awssdk/aws-json-protocol/2.17.9/aws-json-protocol-2.17.9.jar:/home/sreeram/.m2/repository/software/amazon/awssdk/protocol-core/2.17.9/protocol-core-2.17.9.jar:/home/sreeram/.m2/repository/software/amazon/awssdk/aws-core/2.17.9/aws-core-2.17.9.jar:/home/sreeram/.m2/repository/software/amazon/awssdk/metrics-spi/2.17.9/metrics-spi-2.17.9.jar:/home/sreeram/.m2/repository/software/amazon/awssdk/apache-client/2.17.9/apache-client-2.17.9.jar:/home/sreeram/.m2/repository/org/apache/httpcomponents/httpclient/4.5.13/httpclient-4.5.13.jar:/home/sreeram/.m2/repository/commons-logging/commons-logging/1.2/commons-logging-1.2.jar:/home/sreeram/.m2/repository/commons-codec/commons-codec/1.11/commons-codec-1.11.jar:/home/sreeram/.m2/repository/org/apache/httpcomponents/httpcore/4.4.11/httpcore-4.4.11.jar:/home/sreeram/.m2/repository/software/amazon/awssdk/netty-nio-client/2.17.9/netty-nio-client-2.17.9.jar:/home/sreeram/.m2/repository/io/netty/netty-codec-http/4.1.63.Final/netty-codec-http-4.1.63.Final.jar:/home/sreeram/.m2/repository/io/netty/netty-codec-http2/4.1.63.Final/netty-codec-http2-4.1.63.Final.jar:/home/sreeram/.m2/repository/io/netty/netty-codec/4.1.63.Final/netty-codec-4.1.63.Final.jar:/home/sreeram/.m2/repository/io/netty/netty-transport/4.1.63.Final/netty-transport-4.1.63.Final.jar:/home/sreeram/.m2/repository/io/netty/netty-resolver/4.1.63.Final/netty-resolver-4.1.63.Final.jar:/home/sreeram/.m2/repository/io/netty/netty-common/4.1.63.Final/netty-common-4.1.63.Final.jar:/home/sreeram/.m2/repository/io/netty/netty-buffer/4.1.63.Final/netty-buffer-4.1.63.Final.jar:/home/sreeram/.m2/repository/io/netty/netty-handler/4.1.63.Final/netty-handler-4.1.63.Final.jar:/home/sreeram/.m2/repository/io/netty/netty-transport-native-epoll/4.1.63.Final/netty-transport-native-epoll-4.1.63.Final-linux-x86_64.jar:/home/sreeram/.m2/repository/io/netty/netty-transport-native-unix-common/4.1.63.Final/netty-transport-native-unix-common-4.1.63.Final.jar:/home/sreeram/.m2/repository/com/typesafe/netty/netty-reactive-streams-http/2.0.5/netty-reactive-streams-http-2.0.5.jar:/home/sreeram/.m2/repository/com/typesafe/netty/netty-reactive-streams/2.0.5/netty-reactive-streams-2.0.5.jar:/home/sreeram/.m2/repository/org/junit/jupiter/junit-jupiter-api/5.8.0-M1/junit-jupiter-api-5.8.0-M1.jar:/home/sreeram/.m2/repository/org/apiguardian/apiguardian-api/1.1.1/apiguardian-api-1.1.1.jar:/home/sreeram/.m2/repository/org/opentest4j/opentest4j/1.2.0/opentest4j-1.2.0.jar:/home/sreeram/.m2/repository/org/junit/platform/junit-platform-commons/1.8.0-M1/junit-platform-commons-1.8.0-M1.jar:/home/sreeram/.m2/repository/org/junit/jupiter/junit-jupiter-engine/5.8.0-M1/junit-jupiter-engine-5.8.0-M1.jar:/home/sreeram/.m2/repository/org/junit/platform/junit-platform-engine/1.8.0-M1/junit-platform-engine-1.8.0-M1.jar:/home/sreeram/.m2/repository/org/jetbrains/kotlin/kotlin-stdlib-jdk8/1.4.20/kotlin-stdlib-jdk8-1.4.20.jar:/home/sreeram/.m2/repository/org/jetbrains/kotlin/kotlin-stdlib/1.4.20/kotlin-stdlib-1.4.20.jar:/home/sreeram/.m2/repository/org/jetbrains/kotlin/kotlin-stdlib-common/1.4.20/kotlin-stdlib-common-1.4.20.jar:/home/sreeram/.m2/repository/org/jetbrains/annotations/13.0/annotations-13.0.jar:/home/sreeram/.m2/repository/org/jetbrains/kotlin/kotlin-stdlib-jdk7/1.4.20/kotlin-stdlib-jdk7-1.4.20.jar:/home/sreeram/.m2/repository/org/junit/jupiter/junit-jupiter-params/5.8.0-M1/junit-jupiter-params-5.8.0-M1.jar:/home/sreeram/.m2/repository/org/mockito/mockito-junit-jupiter/3.11.2/mockito-junit-jupiter-3.11.2.jar:/home/sreeram/.m2/repository/org/mockito/mockito-core/3.11.2/mockito-core-3.11.2.jar:/home/sreeram/.m2/repository/net/bytebuddy/byte-buddy/1.11.3/byte-buddy-1.11.3.jar:/home/sreeram/.m2/repository/net/bytebuddy/byte-buddy-agent/1.11.3/byte-buddy-agent-1.11.3.jar:/home/sreeram/.m2/repository/org/objenesis/objenesis/3.2/objenesis-3.2.jar:"/>
    <property name="java.vm.vendor" value="Oracle Corporation"/>
    <property name="sun.arch.data.model" value="64"/>
    <property name="sun.font.fontmanager" value="sun.awt.X11FontManager"/>
    <property name="java.vendor.url" value="https://java.oracle.com/"/>
    <property name="os.name" value="Linux"/>
    <property name="java.vm.specification.version" value="17"/>
    <property name="sun.java.launcher" value="SUN_STANDARD"/>
    <property name="user.country" value="US"/>
    <property name="sun.boot.library.path" value="/usr/lib/jvm/java-17-oracle/lib"/>
    <property name="sun.java.command" value="org.apache.maven.surefire.booter.ForkedBooter /home/sreeram/Downloads/udasecurity/catpoint-parent/security/target/surefire 2021-12-23T17-45-11_416-jvmRun1 surefire4994774418784932304tmp surefire_0859802050602327403tmp"/>
    <property name="jdk.debug" value="release"/>
    <property name="surefire.test.class.path" value="/home/sreeram/Downloads/udasecurity/catpoint-parent/security/target/test-classes:/home/sreeram/.m2/repository/com/google/guava/failureaccess/1.0.1/failureaccess-1.0.1.jar:/home/sreeram/.m2/repository/com/google/guava/listenablefuture/9999.0-empty-to-avoid-conflict-with-guava/listenablefuture-9999.0-empty-to-avoid-conflict-with-guava.jar:/home/sreeram/.m2/repository/com/google/code/findbugs/jsr305/3.0.2/jsr305-3.0.2.jar:/home/sreeram/.m2/repository/org/checkerframework/checker-qual/3.8.0/checker-qual-3.8.0.jar:/home/sreeram/.m2/repository/com/google/errorprone/error_prone_annotations/2.5.1/error_prone_annotations-2.5.1.jar:/home/sreeram/.m2/repository/com/google/j2objc/j2objc-annotations/1.3/j2objc-annotations-1.3.jar:/home/sreeram/.m2/repository/software/amazon/awssdk/annotations/2.17.9/annotations-2.17.9.jar:/home/sreeram/.m2/repository/software/amazon/awssdk/utils/2.17.9/utils-2.17.9.jar:/home/sreeram/.m2/repository/org/reactivestreams/reactive-streams/1.0.3/reactive-streams-1.0.3.jar:/home/sreeram/.m2/repository/software/amazon/awssdk/profiles/2.17.9/profiles-2.17.9.jar:/home/sreeram/.m2/repository/software/amazon/awssdk/http-client-spi/2.17.9/http-client-spi-2.17.9.jar:/home/sreeram/.m2/repository/software/amazon/awssdk/json-utils/2.17.9/json-utils-2.17.9.jar:/home/sreeram/.m2/repository/software/amazon/awssdk/third-party-jackson-core/2.17.9/third-party-jackson-core-2.17.9.jar:/home/sreeram/.m2/repository/software/amazon/eventstream/eventstream/1.0.1/eventstream-1.0.1.jar:/home/sreeram/.m2/repository/software/amazon/awssdk/aws-json-protocol/2.17.9/aws-json-protocol-2.17.9.jar:/home/sreeram/.m2/repository/software/amazon/awssdk/protocol-core/2.17.9/protocol-core-2.17.9.jar:/home/sreeram/.m2/repository/software/amazon/awssdk/aws-core/2.17.9/aws-core-2.17.9.jar:/home/sreeram/.m2/repository/software/amazon/awssdk/metrics-spi/2.17.9/metrics-spi-2.17.9.jar:/home/sreeram/.m2/repository/software/amazon/awssdk/apache-client/2.17.9/apache-client-2.17.9.jar:/home/sreeram/.m2/repository/org/apache/httpcomponents/httpclient/4.5.13/httpclient-4.5.13.jar:/home/sreeram/.m2/repository/commons-logging/commons-logging/1.2/commons-logging-1.2.jar:/home/sreeram/.m2/repository/commons-codec/commons-codec/1.11/commons-codec-1.11.jar:/home/sreeram/.m2/repository/org/apache/httpcomponents/httpcore/4.4.11/httpcore-4.4.11.jar:/home/sreeram/.m2/repository/software/amazon/awssdk/netty-nio-client/2.17.9/netty-nio-client-2.17.9.jar:/home/sreeram/.m2/repository/io/netty/netty-codec-http/4.1.63.Final/netty-codec-http-4.1.63.Final.jar:/home/sreeram/.m2/repository/io/netty/netty-codec-http2/4.1.63.Final/netty-codec-http2-4.1.63.Final.jar:/home/sreeram/.m2/repository/io/netty/netty-codec/4.1.63.Final/netty-codec-4.1.63.Final.jar:/home/sreeram/.m2/repository/io/netty/netty-transport/4.1.63.Final/netty-transport-4.1.63.Final.jar:/home/sreeram/.m2/repository/io/netty/netty-resolver/4.1.63.Final/netty-resolver-4.1.63.Final.jar:/home/sreeram/.m2/repository/io/netty/netty-common/4.1.63.Final/netty-common-4.1.63.Final.jar:/home/sreeram/.m2/repository/io/netty/netty-buffer/4.1.63.Final/netty-buffer-4.1.63.Final.jar:/home/sreeram/.m2/repository/io/netty/netty-handler/4.1.63.Final/netty-handler-4.1.63.Final.jar:/home/sreeram/.m2/repository/io/netty/netty-transport-native-epoll/4.1.63.Final/netty-transport-native-epoll-4.1.63.Final-linux-x86_64.jar:/home/sreeram/.m2/repository/io/netty/netty-transport-native-unix-common/4.1.63.Final/netty-transport-native-unix-common-4.1.63.Final.jar:/home/sreeram/.m2/repository/com/typesafe/netty/netty-reactive-streams-http/2.0.5/netty-reactive-streams-http-2.0.5.jar:/home/sreeram/.m2/repository/com/typesafe/netty/netty-reactive-streams/2.0.5/netty-reactive-streams-2.0.5.jar:/home/sreeram/.m2/repository/org/junit/jupiter/junit-jupiter-api/5.8.0-M1/junit-jupiter-api-5.8.0-M1.jar:/home/sreeram/.m2/repository/org/apiguardian/apiguardian-api/1.1.1/apiguardian-api-1.1.1.jar:/home/sreeram/.m2/repository/org/opentest4j/opentest4j/1.2.0/opentest4j-1.2.0.jar:/home/sreeram/.m2/repository/org/junit/platform/junit-platform-commons/1.8.0-M1/junit-platform-commons-1.8.0-M1.jar:/home/sreeram/.m2/repository/org/junit/jupiter/junit-jupiter-engine/5.8.0-M1/junit-jupiter-engine-5.8.0-M1.jar:/home/sreeram/.m2/repository/org/junit/platform/junit-platform-engine/1.8.0-M1/junit-platform-engine-1.8.0-M1.jar:/home/sreeram/.m2/repository/org/jetbrains/kotlin/kotlin-stdlib-jdk8/1.4.20/kotlin-stdlib-jdk8-1.4.20.jar:/home/sreeram/.m2/repository/org/jetbrains/kotlin/kotlin-stdlib/1.4.20/kotlin-stdlib-1.4.20.jar:/home/sreeram/.m2/repository/org/jetbrains/kotlin/kotlin-stdlib-common/1.4.20/kotlin-stdlib-common-1.4.20.jar:/home/sreeram/.m2/repository/org/jetbrains/annotations/13.0/annotations-13.0.jar:/home/sreeram/.m2/repository/org/jetbrains/kotlin/kotlin-stdlib-jdk7/1.4.20/kotlin-stdlib-jdk7-1.4.20.jar:/home/sreeram/.m2/repository/org/junit/jupiter/junit-jupiter-params/5.8.0-M1/junit-jupiter-params-5.8.0-M1.jar:/home/sreeram/.m2/repository/org/mockito/mockito-junit-jupiter/3.11.2/mockito-junit-jupiter-3.11.2.jar:/home/sreeram/.m2/repository/org/mockito/mockito-core/3.11.2/mockito-core-3.11.2.jar:/home/sreeram/.m2/repository/net/bytebuddy/byte-buddy/1.11.3/byte-buddy-1.11.3.jar:/home/sreeram/.m2/repository/net/bytebuddy/byte-buddy-agent/1.11.3/byte-buddy-agent-1.11.3.jar:/home/sreeram/.m2/repository/org/objenesis/objenesis/3.2/objenesis-3.2.jar:"/>
    <property name="sun.cpu.endian" value="little"/>
    <property name="user.home" value="/home/sreeram"/>
    <property name="user.language" value="en"/>
    <property name="java.specification.vendor" value="Oracle Corporation"/>
    <property name="jdk.module.path" value="/home/sreeram/Downloads/udasecurity/catpoint-parent/security/target/classes:/home/sreeram/.m2/repository/com/miglayout/miglayout/3.7.4/miglayout-3.7.4.jar:/home/sreeram/.m2/repository/com/google/guava/guava/30.1.1-jre/guava-30.1.1-jre.jar:/home/sreeram/.m2/repository/com/google/code/gson/gson/2.8.7/gson-2.8.7.jar:/home/sreeram/Downloads/udasecurity/catpoint-parent/image/target/image-1.0-SNAPSHOT.jar:/home/sreeram/.m2/repository/software/amazon/awssdk/auth/2.17.9/auth-2.17.9.jar:/home/sreeram/.m2/repository/org/slf4j/slf4j-api/1.7.30/slf4j-api-1.7.30.jar:/home/sreeram/.m2/repository/software/amazon/awssdk/sdk-core/2.17.9/sdk-core-2.17.9.jar:/home/sreeram/.m2/repository/software/amazon/awssdk/regions/2.17.9/regions-2.17.9.jar:/home/sreeram/.m2/repository/software/amazon/awssdk/rekognition/2.17.9/rekognition-2.17.9.jar"/>
    <property name="java.version.date" value="2021-10-19"/>
    <property name="java.home" value="/usr/lib/jvm/java-17-oracle"/>
    <property name="file.separator" value="/"/>
    <property name="basedir" value="/home/sreeram/Downloads/udasecurity/catpoint-parent/security"/>
    <property name="java.vm.compressedOopsMode" value="Zero based"/>
    <property name="line.separator" value="&#10;"/>
    <property name="java.specification.name" value="Java Platform API Specification"/>
    <property name="java.vm.specification.vendor" value="Oracle Corporation"/>
    <property name="surefire.real.class.path" value="/home/sreeram/.m2/repository/org/apache/maven/surefire/surefire-booter/3.0.0-M5/surefire-booter-3.0.0-M5.jar:/home/sreeram/.m2/repository/org/apache/maven/surefire/surefire-api/3.0.0-M5/surefire-api-3.0.0-M5.jar:/home/sreeram/.m2/repository/org/apache/maven/surefire/surefire-logger-api/3.0.0-M5/surefire-logger-api-3.0.0-M5.jar:/home/sreeram/.m2/repository/org/apache/maven/surefire/surefire-shared-utils/3.0.0-M4/surefire-shared-utils-3.0.0-M4.jar:/home/sreeram/.m2/repository/org/apache/maven/surefire/surefire-extensions-spi/3.0.0-M5/surefire-extensions-spi-3.0.0-M5.jar:/home/sreeram/Downloads/udasecurity/catpoint-parent/security/target/test-classes:/home/sreeram/.m2/repository/com/google/guava/failureaccess/1.0.1/failureaccess-1.0.1.jar:/home/sreeram/.m2/repository/com/google/guava/listenablefuture/9999.0-empty-to-avoid-conflict-with-guava/listenablefuture-9999.0-empty-to-avoid-conflict-with-guava.jar:/home/sreeram/.m2/repository/com/google/code/findbugs/jsr305/3.0.2/jsr305-3.0.2.jar:/home/sreeram/.m2/repository/org/checkerframework/checker-qual/3.8.0/checker-qual-3.8.0.jar:/home/sreeram/.m2/repository/com/google/errorprone/error_prone_annotations/2.5.1/error_prone_annotations-2.5.1.jar:/home/sreeram/.m2/repository/com/google/j2objc/j2objc-annotations/1.3/j2objc-annotations-1.3.jar:/home/sreeram/.m2/repository/software/amazon/awssdk/annotations/2.17.9/annotations-2.17.9.jar:/home/sreeram/.m2/repository/software/amazon/awssdk/utils/2.17.9/utils-2.17.9.jar:/home/sreeram/.m2/repository/org/reactivestreams/reactive-streams/1.0.3/reactive-streams-1.0.3.jar:/home/sreeram/.m2/repository/software/amazon/awssdk/profiles/2.17.9/profiles-2.17.9.jar:/home/sreeram/.m2/repository/software/amazon/awssdk/http-client-spi/2.17.9/http-client-spi-2.17.9.jar:/home/sreeram/.m2/repository/software/amazon/awssdk/json-utils/2.17.9/json-utils-2.17.9.jar:/home/sreeram/.m2/repository/software/amazon/awssdk/third-party-jackson-core/2.17.9/third-party-jackson-core-2.17.9.jar:/home/sreeram/.m2/repository/software/amazon/eventstream/eventstream/1.0.1/eventstream-1.0.1.jar:/home/sreeram/.m2/repository/software/amazon/awssdk/aws-json-protocol/2.17.9/aws-json-protocol-2.17.9.jar:/home/sreeram/.m2/repository/software/amazon/awssdk/protocol-core/2.17.9/protocol-core-2.17.9.jar:/home/sreeram/.m2/repository/software/amazon/awssdk/aws-core/2.17.9/aws-core-2.17.9.jar:/home/sreeram/.m2/repository/software/amazon/awssdk/metrics-spi/2.17.9/metrics-spi-2.17.9.jar:/home/sreeram/.m2/repository/software/amazon/awssdk/apache-client/2.17.9/apache-client-2.17.9.jar:/home/sreeram/.m2/repository/org/apache/httpcomponents/httpclient/4.5.13/httpclient-4.5.13.jar:/home/sreeram/.m2/repository/commons-logging/commons-logging/1.2/commons-logging-1.2.jar:/home/sreeram/.m2/repository/commons-codec/commons-codec/1.11/commons-codec-1.11.jar:/home/sreeram/.m2/repository/org/apache/httpcomponents/httpcore/4.4.11/httpcore-4.4.11.jar:/home/sreeram/.m2/repository/software/amazon/awssdk/netty-nio-client/2.17.9/netty-nio-client-2.17.9.jar:/home/sreeram/.m2/repository/io/netty/netty-codec-http/4.1.63.Final/netty-codec-http-4.1.63.Final.jar:/home/sreeram/.m2/repository/io/netty/netty-codec-http2/4.1.63.Final/netty-codec-http2-4.1.63.Final.jar:/home/sreeram/.m2/repository/io/netty/netty-codec/4.1.63.Final/netty-codec-4.1.63.Final.jar:/home/sreeram/.m2/repository/io/netty/netty-transport/4.1.63.Final/netty-transport-4.1.63.Final.jar:/home/sreeram/.m2/repository/io/netty/netty-resolver/4.1.63.Final/netty-resolver-4.1.63.Final.jar:/home/sreeram/.m2/repository/io/netty/netty-common/4.1.63.Final/netty-common-4.1.63.Final.jar:/home/sreeram/.m2/repository/io/netty/netty-buffer/4.1.63.Final/netty-buffer-4.1.63.Final.jar:/home/sreeram/.m2/repository/io/netty/netty-handler/4.1.63.Final/netty-handler-4.1.63.Final.jar:/home/sreeram/.m2/repository/io/netty/netty-transport-native-epoll/4.1.63.Final/netty-transport-native-epoll-4.1.63.Final-linux-x86_64.jar:/home/sreeram/.m2/repository/io/netty/netty-transport-native-unix-common/4.1.63.Final/netty-transport-native-unix-common-4.1.63.Final.jar:/home/sreeram/.m2/repository/com/typesafe/netty/netty-reactive-streams-http/2.0.5/netty-reactive-streams-http-2.0.5.jar:/home/sreeram/.m2/repository/com/typesafe/netty/netty-reactive-streams/2.0.5/netty-reactive-streams-2.0.5.jar:/home/sreeram/.m2/repository/org/junit/jupiter/junit-jupiter-api/5.8.0-M1/junit-jupiter-api-5.8.0-M1.jar:/home/sreeram/.m2/repository/org/apiguardian/apiguardian-api/1.1.1/apiguardian-api-1.1.1.jar:/home/sreeram/.m2/repository/org/opentest4j/opentest4j/1.2.0/opentest4j-1.2.0.jar:/home/sreeram/.m2/repository/org/junit/platform/junit-platform-commons/1.8.0-M1/junit-platform-commons-1.8.0-M1.jar:/home/sreeram/.m2/repository/org/junit/jupiter/junit-jupiter-engine/5.8.0-M1/junit-jupiter-engine-5.8.0-M1.jar:/home/sreeram/.m2/repository/org/junit/platform/junit-platform-engine/1.8.0-M1/junit-platform-engine-1.8.0-M1.jar:/home/sreeram/.m2/repository/org/jetbrains/kotlin/kotlin-stdlib-jdk8/1.4.20/kotlin-stdlib-jdk8-1.4.20.jar:/home/sreeram/.m2/repository/org/jetbrains/kotlin/kotlin-stdlib/1.4.20/kotlin-stdlib-1.4.20.jar:/home/sreeram/.m2/repository/org/jetbrains/kotlin/kotlin-stdlib-common/1.4.20/kotlin-stdlib-common-1.4.20.jar:/home/sreeram/.m2/repository/org/jetbrains/annotations/13.0/annotations-13.0.jar:/home/sreeram/.m2/repository/org/jetbrains/kotlin/kotlin-stdlib-jdk7/1.4.20/kotlin-stdlib-jdk7-1.4.20.jar:/home/sreeram/.m2/repository/org/junit/jupiter/junit-jupiter-params/5.8.0-M1/junit-jupiter-params-5.8.0-M1.jar:/home/sreeram/.m2/repository/org/mockito/mockito-junit-jupiter/3.11.2/mockito-junit-jupiter-3.11.2.jar:/home/sreeram/.m2/repository/org/mockito/mockito-core/3.11.2/mockito-core-3.11.2.jar:/home/sreeram/.m2/repository/net/bytebuddy/byte-buddy/1.11.3/byte-buddy-1.11.3.jar:/home/sreeram/.m2/repository/net/bytebuddy/byte-buddy-agent/1.11.3/byte-buddy-agent-1.11.3.jar:/home/sreeram/.m2/repository/org/objenesis/objenesis/3.2/objenesis-3.2.jar:/home/sreeram/.m2/repository/org/apache/maven/surefire/surefire-junit-platform/3.0.0-M5/surefire-junit-platform-3.0.0-M5.jar:/home/sreeram/.m2/repository/org/apache/maven/surefire/common-java5/3.0.0-M5/common-java5-3.0.0-M5.jar:/home/sreeram/.m2/repository/org/junit/platform/junit-platform-launcher/1.8.0-M1/junit-platform-launcher-1.8.0-M1.jar"/>
    <property name="sun.management.compiler" value="HotSpot 64-Bit Tiered Compilers"/>
    <property name="java.runtime.version" value="17.0.1+12-LTS-39"/>
    <property name="user.name" value="sreeram"/>
    <property name="path.separator" value=":"/>
    <property name="os.version" value="5.11.0-43-generic"/>
    <property name="java.runtime.name" value="Java(TM) SE Runtime Environment"/>
    <property name="file.encoding" value="UTF-8"/>
    <property name="java.vm.name" value="Java HotSpot(TM) 64-Bit Server VM"/>
    <property name="localRepository" value="/home/sreeram/.m2/repository"/>
    <property name="java.vendor.url.bug" value="https://bugreport.java.com/bugreport/"/>
    <property name="java.io.tmpdir" value="/tmp"/>
    <property name="java.version" value="17.0.1"/>
    <property name="user.dir" value="/home/sreeram/Downloads/udasecurity/catpoint-parent/security"/>
    <property name="os.arch" value="amd64"/>
    <property name="java.vm.specification.name" value="Java Virtual Machine Specification"/>
    <property name="native.encoding" value="UTF-8"/>
    <property name="java.library.path" value="/usr/java/packages/lib:/usr/lib64:/lib64:/lib:/usr/lib"/>
    <property name="java.vm.info" value="mixed mode"/>
    <property name="java.vendor" value="Oracle Corporation"/>
    <property name="java.vm.version" value="17.0.1+12-LTS-39"/>
    <property name="sun.io.unicode.encoding" value="UnicodeLittle"/>
    <property name="java.class.version" value="61.0"/>
  </properties>
  <testcase name="CatDetectedwithActivatedAlarmStatus_set_to_Alarm" classname="com.udacity.catpoint.security.service.SecurityServiceTest" time="0.422"/>
  <testcase name="ArmedAlarmwithActivatedSensorandSensorStatus_Pending_set_to_OFF" classname="com.udacity.catpoint.security.service.SecurityServiceTest" time="0.003"/>
  <testcase name="ActivatedSensorwithPendingAlarmStatus_Set_to_Alarm" classname="com.udacity.catpoint.security.service.SecurityServiceTest" time="0.002"/>
  <testcase name="removeStatusListener" classname="com.udacity.catpoint.security.service.SecurityServiceTest" time="0.001"/>
  <testcase name="SystemArmedCatDetectedStatus_set_to_Alarm" classname="com.udacity.catpoint.security.service.SecurityServiceTest" time="0.004"/>
  <testcase name="AlarmStatusPendingwithSensorInactive_Status_set_to_NoAlarm" classname="com.udacity.catpoint.security.service.SecurityServiceTest" time="0.001"/>
  <testcase name="removeSensor" classname="com.udacity.catpoint.security.service.SecurityServiceTest" time="0.001"/>
  <testcase name="ActivatedAlarmwithSensorsStateChanged_Status_set_to_No_Change(boolean)[1]" classname="com.udacity.catpoint.security.service.SecurityServiceTest" time="0.018"/>
  <testcase name="ActivatedAlarmwithSensorsStateChanged_Status_set_to_No_Change(boolean)[2]" classname="com.udacity.catpoint.security.service.SecurityServiceTest" time="0.002"/>
  <testcase name="SystemArmedStatus_set_to_No_Alarm" classname="com.udacity.catpoint.security.service.SecurityServiceTest" time="0.001"/>
  <testcase name="ArmedAlarmSensorDeactivatedStatus_set_to_Pending" classname="com.udacity.catpoint.security.service.SecurityServiceTest" time="0.003"/>
  <testcase name="addSensor" classname="com.udacity.catpoint.security.service.SecurityServiceTest" time="0.001"/>
  <testcase name="CatNotDetectedAlarmDeactivatedStatus_set_to_No_Alarm" classname="com.udacity.catpoint.security.service.SecurityServiceTest" time="0.075"/>
  <testcase name="SystemArmedthenSensorsDeactivated(ArmingStatus)[1]" classname="com.udacity.catpoint.security.service.SecurityServiceTest" time="0.005"/>
  <testcase name="SystemArmedthenSensorsDeactivated(ArmingStatus)[2]" classname="com.udacity.catpoint.security.service.SecurityServiceTest" time="0.003"/>
  <testcase name="addStatusListener" classname="com.udacity.catpoint.security.service.SecurityServiceTest" time="0.001"/>
  <testcase name="ArmedAlarmwithActivatedSensorandSensorStatus_Pending" classname="com.udacity.catpoint.security.service.SecurityServiceTest" time="0.002"/>
  <testcase name="DeactivatedSensorStatus_set_to_NoChange(AlarmStatus)[1]" classname="com.udacity.catpoint.security.service.SecurityServiceTest" time="0.002"/>
  <testcase name="DeactivatedSensorStatus_set_to_NoChange(AlarmStatus)[2]" classname="com.udacity.catpoint.security.service.SecurityServiceTest" time="0.002"/>
  <testcase name="DeactivatedSensorStatus_set_to_NoChange(AlarmStatus)[3]" classname="com.udacity.catpoint.security.service.SecurityServiceTest" time="0.001"/>
  <testcase name="SystemDeactivatedandSensorArmedStatus_set_to_No_Change" classname="com.udacity.catpoint.security.service.SecurityServiceTest" time="0.001"/>
</testsuite>